{"contracts/smartContract.sol":{"l":{"133":7,"137":0,"141":0,"363":16,"364":16,"371":0,"379":0,"396":0,"403":1,"410":13,"422":2,"423":2,"424":1,"434":5,"451":2,"452":2,"453":2,"477":3,"478":3,"479":1,"480":1,"494":5,"495":0,"497":5,"498":0,"500":5,"511":16,"513":11,"515":5,"516":5,"517":1,"519":4,"521":4,"525":15,"526":0,"528":0,"531":15,"533":15,"537":15,"549":11,"550":0,"552":11,"564":0,"565":0,"567":0,"586":2,"613":3,"614":0,"616":3,"617":0,"619":3,"620":3,"621":2,"638":3,"639":3,"640":3,"641":2,"643":1,"644":1,"668":16,"669":15,"675":12,"676":11,"682":5,"683":5,"684":4,"688":2,"689":2},"path":"/Users/sheldon/Desktop/metana-bootcamp/module-4 deliverables/Unit tests/module_1/contracts/smartContract.sol","s":{"1":7,"2":0,"3":0,"4":0,"5":0,"6":0,"7":1,"8":13,"9":2,"10":2,"11":1,"12":5,"13":2,"14":2,"15":2,"16":3,"17":3,"18":1,"19":1,"20":5,"21":5,"22":5,"23":16,"24":5,"25":5,"26":15,"27":15,"28":11,"29":11,"30":0,"31":0,"32":2,"33":3,"34":3,"35":3,"36":2,"37":3,"38":3,"39":3,"40":1,"41":16,"42":12,"43":11,"44":5,"45":5,"46":4,"47":2,"48":2},"b":{"1":[0,5],"2":[0,5],"3":[11,5],"4":[1,4],"5":[0,15],"6":[0,11],"7":[0,0],"8":[0,3],"9":[0,3],"10":[2,1],"11":[3,0],"12":[2,1],"13":[15,1],"14":[11,1],"15":[4,1],"16":[2,2]},"f":{"1":7,"2":0,"3":0,"4":16,"5":0,"6":0,"7":0,"8":1,"9":13,"10":2,"11":5,"12":2,"13":3,"14":5,"15":16,"16":11,"17":0,"18":2,"19":3,"20":3,"21":16,"22":12,"23":5},"fnMap":{"1":{"name":"_msgSender","line":132,"loc":{"start":{"line":132,"column":2},"end":{"line":134,"column":2}}},"2":{"name":"_msgData","line":136,"loc":{"start":{"line":136,"column":2},"end":{"line":138,"column":2}}},"3":{"name":"_contextSuffixLength","line":140,"loc":{"start":{"line":140,"column":2},"end":{"line":142,"column":2}}},"4":{"name":"constructor","line":362,"loc":{"start":{"line":362,"column":2},"end":{"line":365,"column":2}}},"5":{"name":"name","line":370,"loc":{"start":{"line":370,"column":2},"end":{"line":372,"column":2}}},"6":{"name":"symbol","line":378,"loc":{"start":{"line":378,"column":2},"end":{"line":380,"column":2}}},"7":{"name":"decimals","line":395,"loc":{"start":{"line":395,"column":2},"end":{"line":397,"column":2}}},"8":{"name":"totalSupply","line":402,"loc":{"start":{"line":402,"column":2},"end":{"line":404,"column":2}}},"9":{"name":"balanceOf","line":409,"loc":{"start":{"line":409,"column":2},"end":{"line":411,"column":2}}},"10":{"name":"transfer","line":421,"loc":{"start":{"line":421,"column":2},"end":{"line":425,"column":2}}},"11":{"name":"allowance","line":430,"loc":{"start":{"line":430,"column":2},"end":{"line":435,"column":2}}},"12":{"name":"approve","line":447,"loc":{"start":{"line":447,"column":2},"end":{"line":454,"column":2}}},"13":{"name":"transferFrom","line":472,"loc":{"start":{"line":472,"column":2},"end":{"line":481,"column":2}}},"14":{"name":"_transfer","line":493,"loc":{"start":{"line":493,"column":2},"end":{"line":501,"column":2}}},"15":{"name":"_update","line":510,"loc":{"start":{"line":510,"column":2},"end":{"line":538,"column":2}}},"16":{"name":"_mint","line":548,"loc":{"start":{"line":548,"column":2},"end":{"line":553,"column":2}}},"17":{"name":"_burn","line":563,"loc":{"start":{"line":563,"column":2},"end":{"line":568,"column":2}}},"18":{"name":"_approve","line":585,"loc":{"start":{"line":585,"column":2},"end":{"line":587,"column":2}}},"19":{"name":"_approve","line":607,"loc":{"start":{"line":607,"column":2},"end":{"line":623,"column":2}}},"20":{"name":"_spendAllowance","line":633,"loc":{"start":{"line":633,"column":2},"end":{"line":647,"column":2}}},"21":{"name":"constructor","line":667,"loc":{"start":{"line":663,"column":2},"end":{"line":670,"column":2}}},"22":{"name":"mint","line":674,"loc":{"start":{"line":674,"column":2},"end":{"line":677,"column":2}}},"23":{"name":"sellBack","line":681,"loc":{"start":{"line":681,"column":2},"end":{"line":690,"column":2}}}},"statementMap":{"1":{"start":{"line":133,"column":4},"end":{"line":133,"column":21}},"2":{"start":{"line":137,"column":4},"end":{"line":137,"column":19}},"3":{"start":{"line":141,"column":4},"end":{"line":141,"column":12}},"4":{"start":{"line":371,"column":4},"end":{"line":371,"column":16}},"5":{"start":{"line":379,"column":4},"end":{"line":379,"column":18}},"6":{"start":{"line":396,"column":4},"end":{"line":396,"column":13}},"7":{"start":{"line":403,"column":4},"end":{"line":403,"column":23}},"8":{"start":{"line":410,"column":4},"end":{"line":410,"column":29}},"9":{"start":{"line":422,"column":4},"end":{"line":422,"column":32}},"10":{"start":{"line":423,"column":4},"end":{"line":423,"column":30}},"11":{"start":{"line":424,"column":4},"end":{"line":424,"column":15}},"12":{"start":{"line":434,"column":4},"end":{"line":434,"column":38}},"13":{"start":{"line":451,"column":4},"end":{"line":451,"column":32}},"14":{"start":{"line":452,"column":4},"end":{"line":452,"column":34}},"15":{"start":{"line":453,"column":4},"end":{"line":453,"column":15}},"16":{"start":{"line":477,"column":4},"end":{"line":477,"column":34}},"17":{"start":{"line":478,"column":4},"end":{"line":478,"column":40}},"18":{"start":{"line":479,"column":4},"end":{"line":479,"column":29}},"19":{"start":{"line":480,"column":4},"end":{"line":480,"column":15}},"20":{"start":{"line":494,"column":4},"end":{"line":494,"column":15757}},"21":{"start":{"line":497,"column":4},"end":{"line":497,"column":15838}},"22":{"start":{"line":500,"column":4},"end":{"line":500,"column":27}},"23":{"start":{"line":511,"column":4},"end":{"line":511,"column":16328}},"24":{"start":{"line":515,"column":6},"end":{"line":515,"column":43}},"25":{"start":{"line":516,"column":6},"end":{"line":516,"column":16545}},"26":{"start":{"line":525,"column":4},"end":{"line":525,"column":16800}},"27":{"start":{"line":537,"column":4},"end":{"line":537,"column":34}},"28":{"start":{"line":549,"column":4},"end":{"line":549,"column":17589}},"29":{"start":{"line":552,"column":4},"end":{"line":552,"column":38}},"30":{"start":{"line":564,"column":4},"end":{"line":564,"column":18077}},"31":{"start":{"line":567,"column":4},"end":{"line":567,"column":38}},"32":{"start":{"line":586,"column":4},"end":{"line":586,"column":40}},"33":{"start":{"line":613,"column":4},"end":{"line":613,"column":19760}},"34":{"start":{"line":616,"column":4},"end":{"line":616,"column":19844}},"35":{"start":{"line":620,"column":4},"end":{"line":620,"column":19970}},"36":{"start":{"line":621,"column":6},"end":{"line":621,"column":42}},"37":{"start":{"line":638,"column":4},"end":{"line":638,"column":56}},"38":{"start":{"line":639,"column":4},"end":{"line":639,"column":20473}},"39":{"start":{"line":640,"column":6},"end":{"line":640,"column":20525}},"40":{"start":{"line":644,"column":8},"end":{"line":644,"column":64}},"41":{"start":{"line":668,"column":4},"end":{"line":668,"column":69}},"42":{"start":{"line":675,"column":4},"end":{"line":675,"column":57}},"43":{"start":{"line":676,"column":4},"end":{"line":676,"column":27}},"44":{"start":{"line":682,"column":4},"end":{"line":682,"column":77}},"45":{"start":{"line":683,"column":4},"end":{"line":683,"column":69}},"46":{"start":{"line":684,"column":4},"end":{"line":684,"column":21844}},"47":{"start":{"line":688,"column":4},"end":{"line":688,"column":47}},"48":{"start":{"line":689,"column":4},"end":{"line":689,"column":44}}},"branchMap":{"1":{"line":494,"type":"if","locations":[{"start":{"line":494,"column":4},"end":{"line":494,"column":4}},{"start":{"line":494,"column":4},"end":{"line":494,"column":4}}]},"2":{"line":497,"type":"if","locations":[{"start":{"line":497,"column":4},"end":{"line":497,"column":4}},{"start":{"line":497,"column":4},"end":{"line":497,"column":4}}]},"3":{"line":511,"type":"if","locations":[{"start":{"line":511,"column":4},"end":{"line":511,"column":4}},{"start":{"line":511,"column":4},"end":{"line":511,"column":4}}]},"4":{"line":516,"type":"if","locations":[{"start":{"line":516,"column":6},"end":{"line":516,"column":6}},{"start":{"line":516,"column":6},"end":{"line":516,"column":6}}]},"5":{"line":525,"type":"if","locations":[{"start":{"line":525,"column":4},"end":{"line":525,"column":4}},{"start":{"line":525,"column":4},"end":{"line":525,"column":4}}]},"6":{"line":549,"type":"if","locations":[{"start":{"line":549,"column":4},"end":{"line":549,"column":4}},{"start":{"line":549,"column":4},"end":{"line":549,"column":4}}]},"7":{"line":564,"type":"if","locations":[{"start":{"line":564,"column":4},"end":{"line":564,"column":4}},{"start":{"line":564,"column":4},"end":{"line":564,"column":4}}]},"8":{"line":613,"type":"if","locations":[{"start":{"line":613,"column":4},"end":{"line":613,"column":4}},{"start":{"line":613,"column":4},"end":{"line":613,"column":4}}]},"9":{"line":616,"type":"if","locations":[{"start":{"line":616,"column":4},"end":{"line":616,"column":4}},{"start":{"line":616,"column":4},"end":{"line":616,"column":4}}]},"10":{"line":620,"type":"if","locations":[{"start":{"line":620,"column":4},"end":{"line":620,"column":4}},{"start":{"line":620,"column":4},"end":{"line":620,"column":4}}]},"11":{"line":639,"type":"if","locations":[{"start":{"line":639,"column":4},"end":{"line":639,"column":4}},{"start":{"line":639,"column":4},"end":{"line":639,"column":4}}]},"12":{"line":640,"type":"if","locations":[{"start":{"line":640,"column":6},"end":{"line":640,"column":6}},{"start":{"line":640,"column":6},"end":{"line":640,"column":6}}]},"13":{"line":668,"type":"if","locations":[{"start":{"line":668,"column":4},"end":{"line":668,"column":4}},{"start":{"line":668,"column":4},"end":{"line":668,"column":4}}]},"14":{"line":675,"type":"if","locations":[{"start":{"line":675,"column":4},"end":{"line":675,"column":4}},{"start":{"line":675,"column":4},"end":{"line":675,"column":4}}]},"15":{"line":683,"type":"if","locations":[{"start":{"line":683,"column":4},"end":{"line":683,"column":4}},{"start":{"line":683,"column":4},"end":{"line":683,"column":4}}]},"16":{"line":684,"type":"if","locations":[{"start":{"line":684,"column":4},"end":{"line":684,"column":4}},{"start":{"line":684,"column":4},"end":{"line":684,"column":4}}]}}}}