TN:
SF:/Users/sheldon/Desktop/metana-bootcamp/module-4 deliverables/Unit tests/contracts/ERC1155_token_contract.sol
FN:12,constructor
FN:15,mintToken0
FN:26,mintToken1
FN:37,mintToken2
FN:48,mintToken3
FN:67,mintToken4
FN:86,mintToken5
FN:104,mintToken6
FN:126,tokenBalanceOf
FNF:9
FNH:9
FNDA:24,constructor
FNDA:21,mintToken0
FNDA:15,mintToken1
FNDA:14,mintToken2
FNDA:4,mintToken3
FNDA:4,mintToken4
FNDA:4,mintToken5
FNDA:5,mintToken6
FNDA:2,tokenBalanceOf
DA:17,21
DA:22,20
DA:23,20
DA:28,15
DA:33,14
DA:34,14
DA:39,14
DA:44,13
DA:45,13
DA:50,4
DA:55,3
DA:61,2
DA:62,2
DA:64,2
DA:69,4
DA:74,3
DA:80,2
DA:81,2
DA:83,2
DA:88,4
DA:93,3
DA:98,2
DA:99,2
DA:101,2
DA:106,5
DA:110,4
DA:114,3
DA:119,2
DA:120,2
DA:121,2
DA:123,2
DA:131,2
DA:132,1
LF:33
LH:33
BRDA:17,1,0,20
BRDA:17,1,1,1
BRDA:28,2,0,14
BRDA:28,2,1,1
BRDA:39,3,0,13
BRDA:39,3,1,1
BRDA:50,4,0,3
BRDA:50,4,1,1
BRDA:55,5,0,2
BRDA:55,5,1,1
BRDA:69,6,0,3
BRDA:69,6,1,1
BRDA:74,7,0,2
BRDA:74,7,1,1
BRDA:88,8,0,3
BRDA:88,8,1,1
BRDA:93,9,0,2
BRDA:93,9,1,1
BRDA:106,10,0,4
BRDA:106,10,1,1
BRDA:110,11,0,3
BRDA:110,11,1,1
BRDA:114,12,0,2
BRDA:114,12,1,1
BRDA:131,13,0,1
BRDA:131,13,1,1
BRF:26
BRH:26
end_of_record
TN:
SF:/Users/sheldon/Desktop/metana-bootcamp/module-4 deliverables/Unit tests/contracts/partialRefund.sol
FN:19,constructor
FN:26,mint
FN:33,sellBack
FNF:3
FNH:3
FNDA:11,constructor
FNDA:7,mint
FNDA:4,sellBack
DA:20,11
DA:21,10
DA:27,7
DA:28,6
DA:34,4
DA:36,4
DA:37,3
DA:42,2
DA:43,2
LF:9
LH:9
BRDA:20,1,0,10
BRDA:20,1,1,1
BRDA:27,2,0,6
BRDA:27,2,1,1
BRDA:36,3,0,3
BRDA:36,3,1,1
BRDA:37,4,0,2
BRDA:37,4,1,1
BRF:8
BRH:8
end_of_record
