{
"contracts/smartContract.sol":{"l":{"133":11,"137":0,"141":0,"363":20,"364":20,"371":0,"379":0,"396":0,"403":3,"410":18,"422":3,"423":3,"424":2,"434":8,"451":4,"452":4,"453":4,"477":4,"478":4,"479":2,"480":2,"494":7,"495":0,"497":7,"498":0,"500":7,"511":22,"513":15,"515":7,"516":7,"517":1,"519":6,"521":6,"525":21,"526":0,"528":0,"531":21,"533":21,"537":21,"549":15,"550":0,"552":15,"564":0,"565":0,"567":0,"586":4,"613":6,"614":0,"616":6,"617":0,"619":6,"620":6,"621":4,"638":4,"639":4,"640":4,"641":2,"643":2,"644":2,"668":20,"669":19,"675":16,"676":15,"682":5,"683":5,"684":4,"688":2,"689":2},"path":"/Users/sheldon/Desktop/metana-bootcamp/module-4 deliverables/Unit tests/module_1/contracts/smartContract.sol","s":{"1":11,"2":0,"3":0,"4":0,"5":0,"6":0,"7":3,"8":18,"9":3,"10":3,"11":2,"12":8,"13":4,"14":4,"15":4,"16":4,"17":4,"18":2,"19":2,"20":7,"21":7,"22":7,"23":22,"24":7,"25":7,"26":21,"27":21,"28":15,"29":15,"30":0,"31":0,"32":4,"33":6,"34":6,"35":6,"36":4,"37":4,"38":4,"39":4,"40":2,"41":20,"42":16,"43":15,"44":5,"45":5,"46":4,"47":2,"48":2},"b":{"1":[0,7],"2":[0,7],"3":[15,7],"4":[1,6],"5":[0,21],"6":[0,15],"7":[0,0],"8":[0,6],"9":[0,6],"10":[4,2],"11":[4,0],"12":[2,2],"13":[19,1],"14":[15,1],"15":[4,1],"16":[2,2]},"f":{"1":11,"2":0,"3":0,"4":20,"5":0,"6":0,"7":0,"8":3,"9":18,"10":3,"11":8,"12":4,"13":4,"14":7,"15":22,"16":15,"17":0,"18":4,"19":6,"20":4,"21":20,"22":16,"23":5},"fnMap":{"1":{"name":"_msgSender","line":132,"loc":{"start":{"line":132,"column":2},"end":{"line":134,"column":2}}},"2":{"name":"_msgData","line":136,"loc":{"start":{"line":136,"column":2},"end":{"line":138,"column":2}}},"3":{"name":"_contextSuffixLength","line":140,"loc":{"start":{"line":140,"column":2},"end":{"line":142,"column":2}}},"4":{"name":"constructor","line":362,"loc":{"start":{"line":362,"column":2},"end":{"line":365,"column":2}}},"5":{"name":"name","line":370,"loc":{"start":{"line":370,"column":2},"end":{"line":372,"column":2}}},"6":{"name":"symbol","line":378,"loc":{"start":{"line":378,"column":2},"end":{"line":380,"column":2}}},"7":{"name":"decimals","line":395,"loc":{"start":{"line":395,"column":2},"end":{"line":397,"column":2}}},"8":{"name":"totalSupply","line":402,"loc":{"start":{"line":402,"column":2},"end":{"line":404,"column":2}}},"9":{"name":"balanceOf","line":409,"loc":{"start":{"line":409,"column":2},"end":{"line":411,"column":2}}},"10":{"name":"transfer","line":421,"loc":{"start":{"line":421,"column":2},"end":{"line":425,"column":2}}},"11":{"name":"allowance","line":430,"loc":{"start":{"line":430,"column":2},"end":{"line":435,"column":2}}},"12":{"name":"approve","line":447,"loc":{"start":{"line":447,"column":2},"end":{"line":454,"column":2}}},"13":{"name":"transferFrom","line":472,"loc":{"start":{"line":472,"column":2},"end":{"line":481,"column":2}}},"14":{"name":"_transfer","line":493,"loc":{"start":{"line":493,"column":2},"end":{"line":501,"column":2}}},"15":{"name":"_update","line":510,"loc":{"start":{"line":510,"column":2},"end":{"line":538,"column":2}}},"16":{"name":"_mint","line":548,"loc":{"start":{"line":548,"column":2},"end":{"line":553,"column":2}}},"17":{"name":"_burn","line":563,"loc":{"start":{"line":563,"column":2},"end":{"line":568,"column":2}}},"18":{"name":"_approve","line":585,"loc":{"start":{"line":585,"column":2},"end":{"line":587,"column":2}}},"19":{"name":"_approve","line":607,"loc":{"start":{"line":607,"column":2},"end":{"line":623,"column":2}}},"20":{"name":"_spendAllowance","line":633,"loc":{"start":{"line":633,"column":2},"end":{"line":647,"column":2}}},"21":{"name":"constructor","line":667,"loc":{"start":{"line":663,"column":2},"end":{"line":670,"column":2}}},"22":{"name":"mint","line":674,"loc":{"start":{"line":674,"column":2},"end":{"line":677,"column":2}}},"23":{"name":"sellBack","line":681,"loc":{"start":{"line":681,"column":2},"end":{"line":690,"column":2}}}},"statementMap":{"1":{"start":{"line":133,"column":4},"end":{"line":133,"column":21}},"2":{"start":{"line":137,"column":4},"end":{"line":137,"column":19}},"3":{"start":{"line":141,"column":4},"end":{"line":141,"column":12}},"4":{"start":{"line":371,"column":4},"end":{"line":371,"column":16}},"5":{"start":{"line":379,"column":4},"end":{"line":379,"column":18}},"6":{"start":{"line":396,"column":4},"end":{"line":396,"column":13}},"7":{"start":{"line":403,"column":4},"end":{"line":403,"column":23}},"8":{"start":{"line":410,"column":4},"end":{"line":410,"column":29}},"9":{"start":{"line":422,"column":4},"end":{"line":422,"column":32}},"10":{"start":{"line":423,"column":4},"end":{"line":423,"column":30}},"11":{"start":{"line":424,"column":4},"end":{"line":424,"column":15}},"12":{"start":{"line":434,"column":4},"end":{"line":434,"column":38}},"13":{"start":{"line":451,"column":4},"end":{"line":451,"column":32}},"14":{"start":{"line":452,"column":4},"end":{"line":452,"column":34}},"15":{"start":{"line":453,"column":4},"end":{"line":453,"column":15}},"16":{"start":{"line":477,"column":4},"end":{"line":477,"column":34}},"17":{"start":{"line":478,"column":4},"end":{"line":478,"column":40}},"18":{"start":{"line":479,"column":4},"end":{"line":479,"column":29}},"19":{"start":{"line":480,"column":4},"end":{"line":480,"column":15}},"20":{"start":{"line":494,"column":4},"end":{"line":494,"column":15757}},"21":{"start":{"line":497,"column":4},"end":{"line":497,"column":15838}},"22":{"start":{"line":500,"column":4},"end":{"line":500,"column":27}},"23":{"start":{"line":511,"column":4},"end":{"line":511,"column":16328}},"24":{"start":{"line":515,"column":6},"end":{"line":515,"column":43}},"25":{"start":{"line":516,"column":6},"end":{"line":516,"column":16545}},"26":{"start":{"line":525,"column":4},"end":{"line":525,"column":16800}},"27":{"start":{"line":537,"column":4},"end":{"line":537,"column":34}},"28":{"start":{"line":549,"column":4},"end":{"line":549,"column":17589}},"29":{"start":{"line":552,"column":4},"end":{"line":552,"column":38}},"30":{"start":{"line":564,"column":4},"end":{"line":564,"column":18077}},"31":{"start":{"line":567,"column":4},"end":{"line":567,"column":38}},"32":{"start":{"line":586,"column":4},"end":{"line":586,"column":40}},"33":{"start":{"line":613,"column":4},"end":{"line":613,"column":19760}},"34":{"start":{"line":616,"column":4},"end":{"line":616,"column":19844}},"35":{"start":{"line":620,"column":4},"end":{"line":620,"column":19970}},"36":{"start":{"line":621,"column":6},"end":{"line":621,"column":42}},"37":{"start":{"line":638,"column":4},"end":{"line":638,"column":56}},"38":{"start":{"line":639,"column":4},"end":{"line":639,"column":20473}},"39":{"start":{"line":640,"column":6},"end":{"line":640,"column":20525}},"40":{"start":{"line":644,"column":8},"end":{"line":644,"column":64}},"41":{"start":{"line":668,"column":4},"end":{"line":668,"column":69}},"42":{"start":{"line":675,"column":4},"end":{"line":675,"column":57}},"43":{"start":{"line":676,"column":4},"end":{"line":676,"column":27}},"44":{"start":{"line":682,"column":4},"end":{"line":682,"column":77}},"45":{"start":{"line":683,"column":4},"end":{"line":683,"column":69}},"46":{"start":{"line":684,"column":4},"end":{"line":684,"column":21844}},"47":{"start":{"line":688,"column":4},"end":{"line":688,"column":47}},"48":{"start":{"line":689,"column":4},"end":{"line":689,"column":44}}},"branchMap":{"1":{"line":494,"type":"if","locations":[{"start":{"line":494,"column":4},"end":{"line":494,"column":4}},{"start":{"line":494,"column":4},"end":{"line":494,"column":4}}]},"2":{"line":497,"type":"if","locations":[{"start":{"line":497,"column":4},"end":{"line":497,"column":4}},{"start":{"line":497,"column":4},"end":{"line":497,"column":4}}]},"3":{"line":511,"type":"if","locations":[{"start":{"line":511,"column":4},"end":{"line":511,"column":4}},{"start":{"line":511,"column":4},"end":{"line":511,"column":4}}]},"4":{"line":516,"type":"if","locations":[{"start":{"line":516,"column":6},"end":{"line":516,"column":6}},{"start":{"line":516,"column":6},"end":{"line":516,"column":6}}]},"5":{"line":525,"type":"if","locations":[{"start":{"line":525,"column":4},"end":{"line":525,"column":4}},{"start":{"line":525,"column":4},"end":{"line":525,"column":4}}]},"6":{"line":549,"type":"if","locations":[{"start":{"line":549,"column":4},"end":{"line":549,"column":4}},{"start":{"line":549,"column":4},"end":{"line":549,"column":4}}]},"7":{"line":564,"type":"if","locations":[{"start":{"line":564,"column":4},"end":{"line":564,"column":4}},{"start":{"line":564,"column":4},"end":{"line":564,"column":4}}]},"8":{"line":613,"type":"if","locations":[{"start":{"line":613,"column":4},"end":{"line":613,"column":4}},{"start":{"line":613,"column":4},"end":{"line":613,"column":4}}]},"9":{"line":616,"type":"if","locations":[{"start":{"line":616,"column":4},"end":{"line":616,"column":4}},{"start":{"line":616,"column":4},"end":{"line":616,"column":4}}]},"10":{"line":620,"type":"if","locations":[{"start":{"line":620,"column":4},"end":{"line":620,"column":4}},{"start":{"line":620,"column":4},"end":{"line":620,"column":4}}]},"11":{"line":639,"type":"if","locations":[{"start":{"line":639,"column":4},"end":{"line":639,"column":4}},{"start":{"line":639,"column":4},"end":{"line":639,"column":4}}]},"12":{"line":640,"type":"if","locations":[{"start":{"line":640,"column":6},"end":{"line":640,"column":6}},{"start":{"line":640,"column":6},"end":{"line":640,"column":6}}]},"13":{"line":668,"type":"if","locations":[{"start":{"line":668,"column":4},"end":{"line":668,"column":4}},{"start":{"line":668,"column":4},"end":{"line":668,"column":4}}]},"14":{"line":675,"type":"if","locations":[{"start":{"line":675,"column":4},"end":{"line":675,"column":4}},{"start":{"line":675,"column":4},"end":{"line":675,"column":4}}]},"15":{"line":683,"type":"if","locations":[{"start":{"line":683,"column":4},"end":{"line":683,"column":4}},{"start":{"line":683,"column":4},"end":{"line":683,"column":4}}]},"16":{"line":684,"type":"if","locations":[{"start":{"line":684,"column":4},"end":{"line":684,"column":4}},{"start":{"line":684,"column":4},"end":{"line":684,"column":4}}]}}}}
