{
"contracts/smartContract.sol":{"l":{"20":11,"21":10,"27":7,"28":6,"34":4,"35":4,"36":3,"40":2,"41":2},"path":"/Users/sheldon/Desktop/metana-bootcamp/module-4 deliverables/Unit tests/module_1/contracts/smartContract.sol","s":{"1":11,"2":7,"3":6,"4":4,"5":4,"6":3,"7":2,"8":2},"b":{"1":[10,1],"2":[6,1],"3":[3,1],"4":[2,1]},"f":{"1":11,"2":7,"3":4},"fnMap":{"1":{"name":"constructor","line":19,"loc":{"start":{"line":15,"column":2},"end":{"line":22,"column":2}}},"2":{"name":"mint","line":26,"loc":{"start":{"line":26,"column":2},"end":{"line":29,"column":2}}},"3":{"name":"sellBack","line":33,"loc":{"start":{"line":33,"column":2},"end":{"line":42,"column":2}}}},"statementMap":{"1":{"start":{"line":20,"column":4},"end":{"line":20,"column":69}},"2":{"start":{"line":27,"column":4},"end":{"line":27,"column":57}},"3":{"start":{"line":28,"column":4},"end":{"line":28,"column":27}},"4":{"start":{"line":34,"column":4},"end":{"line":34,"column":77}},"5":{"start":{"line":35,"column":4},"end":{"line":35,"column":69}},"6":{"start":{"line":36,"column":4},"end":{"line":36,"column":1162}},"7":{"start":{"line":40,"column":4},"end":{"line":40,"column":47}},"8":{"start":{"line":41,"column":4},"end":{"line":41,"column":44}}},"branchMap":{"1":{"line":20,"type":"if","locations":[{"start":{"line":20,"column":4},"end":{"line":20,"column":4}},{"start":{"line":20,"column":4},"end":{"line":20,"column":4}}]},"2":{"line":27,"type":"if","locations":[{"start":{"line":27,"column":4},"end":{"line":27,"column":4}},{"start":{"line":27,"column":4},"end":{"line":27,"column":4}}]},"3":{"line":35,"type":"if","locations":[{"start":{"line":35,"column":4},"end":{"line":35,"column":4}},{"start":{"line":35,"column":4},"end":{"line":35,"column":4}}]},"4":{"line":36,"type":"if","locations":[{"start":{"line":36,"column":4},"end":{"line":36,"column":4}},{"start":{"line":36,"column":4},"end":{"line":36,"column":4}}]}}}}
