TN:
SF:/Users/sheldon/Desktop/metana-bootcamp/module-4 deliverables/Unit tests/module_1/contracts/ERC1155_token_contract.sol
FN:12,constructor
FN:15,mintToken0
FN:25,mintToken1
FN:35,mintToken2
FN:45,mintToken3
FN:62,mintToken4
FN:79,mintToken5
FN:96,mintToken6
FN:118,tokenBalanceOf
FNF:9
FNH:9
FNDA:24,constructor
FNDA:21,mintToken0
FNDA:15,mintToken1
FNDA:14,mintToken2
FNDA:4,mintToken3
FNDA:4,mintToken4
FNDA:4,mintToken5
FNDA:5,mintToken6
FNDA:2,tokenBalanceOf
DA:17,21
DA:21,20
DA:22,20
DA:27,15
DA:31,14
DA:32,14
DA:37,14
DA:41,13
DA:42,13
DA:47,4
DA:51,3
DA:56,2
DA:57,2
DA:59,2
DA:64,4
DA:68,3
DA:73,2
DA:74,2
DA:76,2
DA:81,4
DA:85,3
DA:90,2
DA:91,2
DA:93,2
DA:98,5
DA:102,4
DA:106,3
DA:111,2
DA:112,2
DA:113,2
DA:115,2
DA:123,2
DA:124,1
LF:33
LH:33
BRDA:17,1,0,20
BRDA:17,1,1,1
BRDA:27,2,0,14
BRDA:27,2,1,1
BRDA:37,3,0,13
BRDA:37,3,1,1
BRDA:47,4,0,3
BRDA:47,4,1,1
BRDA:51,5,0,2
BRDA:51,5,1,1
BRDA:64,6,0,3
BRDA:64,6,1,1
BRDA:68,7,0,2
BRDA:68,7,1,1
BRDA:81,8,0,3
BRDA:81,8,1,1
BRDA:85,9,0,2
BRDA:85,9,1,1
BRDA:98,10,0,4
BRDA:98,10,1,1
BRDA:102,11,0,3
BRDA:102,11,1,1
BRDA:106,12,0,2
BRDA:106,12,1,1
BRDA:123,13,0,1
BRDA:123,13,1,1
BRF:26
BRH:26
end_of_record
TN:
SF:/Users/sheldon/Desktop/metana-bootcamp/module-4 deliverables/Unit tests/module_1/contracts/partialRefund.sol
FN:19,constructor
FN:26,mint
FN:33,sellBack
FNF:3
FNH:3
FNDA:11,constructor
FNDA:7,mint
FNDA:4,sellBack
DA:20,11
DA:21,10
DA:27,7
DA:28,6
DA:34,4
DA:35,4
DA:36,3
DA:40,2
DA:41,2
LF:9
LH:9
BRDA:20,1,0,10
BRDA:20,1,1,1
BRDA:27,2,0,6
BRDA:27,2,1,1
BRDA:35,3,0,3
BRDA:35,3,1,1
BRDA:36,4,0,2
BRDA:36,4,1,1
BRF:8
BRH:8
end_of_record
