TN:
SF:/Users/sheldon/Desktop/metana-bootcamp/module-4 deliverables/Unit tests/module_1/contracts/smartContract.sol
FN:132,_msgSender
FN:136,_msgData
FN:140,_contextSuffixLength
FN:362,constructor
FN:370,name
FN:378,symbol
FN:395,decimals
FN:402,totalSupply
FN:409,balanceOf
FN:421,transfer
FN:430,allowance
FN:447,approve
FN:472,transferFrom
FN:493,_transfer
FN:510,_update
FN:548,_mint
FN:563,_burn
FN:585,_approve
FN:607,_approve
FN:633,_spendAllowance
FN:667,constructor
FN:674,mint
FN:681,sellBack
FNF:23
FNH:17
FNDA:11,_msgSender
FNDA:0,_msgData
FNDA:0,_contextSuffixLength
FNDA:20,constructor
FNDA:0,name
FNDA:0,symbol
FNDA:0,decimals
FNDA:3,totalSupply
FNDA:18,balanceOf
FNDA:3,transfer
FNDA:8,allowance
FNDA:4,approve
FNDA:4,transferFrom
FNDA:7,_transfer
FNDA:22,_update
FNDA:15,_mint
FNDA:0,_burn
FNDA:4,_approve
FNDA:6,_approve
FNDA:4,_spendAllowance
FNDA:20,constructor
FNDA:16,mint
FNDA:5,sellBack
DA:133,11
DA:137,0
DA:141,0
DA:363,20
DA:364,20
DA:371,0
DA:379,0
DA:396,0
DA:403,3
DA:410,18
DA:422,3
DA:423,3
DA:424,2
DA:434,8
DA:451,4
DA:452,4
DA:453,4
DA:477,4
DA:478,4
DA:479,2
DA:480,2
DA:494,7
DA:495,0
DA:497,7
DA:498,0
DA:500,7
DA:511,22
DA:513,15
DA:515,7
DA:516,7
DA:517,1
DA:519,6
DA:521,6
DA:525,21
DA:526,0
DA:528,0
DA:531,21
DA:533,21
DA:537,21
DA:549,15
DA:550,0
DA:552,15
DA:564,0
DA:565,0
DA:567,0
DA:586,4
DA:613,6
DA:614,0
DA:616,6
DA:617,0
DA:619,6
DA:620,6
DA:621,4
DA:638,4
DA:639,4
DA:640,4
DA:641,2
DA:643,2
DA:644,2
DA:668,20
DA:669,19
DA:675,16
DA:676,15
DA:682,5
DA:683,5
DA:684,4
DA:688,2
DA:689,2
LF:68
LH:53
BRDA:494,1,0,0
BRDA:494,1,1,7
BRDA:497,2,0,0
BRDA:497,2,1,7
BRDA:511,3,0,15
BRDA:511,3,1,7
BRDA:516,4,0,1
BRDA:516,4,1,6
BRDA:525,5,0,0
BRDA:525,5,1,21
BRDA:549,6,0,0
BRDA:549,6,1,15
BRDA:564,7,0,0
BRDA:564,7,1,0
BRDA:613,8,0,0
BRDA:613,8,1,6
BRDA:616,9,0,0
BRDA:616,9,1,6
BRDA:620,10,0,4
BRDA:620,10,1,2
BRDA:639,11,0,4
BRDA:639,11,1,0
BRDA:640,12,0,2
BRDA:640,12,1,2
BRDA:668,13,0,19
BRDA:668,13,1,1
BRDA:675,14,0,15
BRDA:675,14,1,1
BRDA:683,15,0,4
BRDA:683,15,1,1
BRDA:684,16,0,2
BRDA:684,16,1,2
BRF:32
BRH:23
end_of_record
