{"contracts/ERC1155_token_contract.sol":{"l":{"17":21,"22":20,"23":20,"28":15,"33":14,"34":14,"39":14,"44":13,"45":13,"50":4,"55":3,"61":2,"62":2,"64":2,"69":4,"74":3,"80":2,"81":2,"83":2,"88":4,"93":3,"98":2,"99":2,"101":2,"106":5,"110":4,"114":3,"119":2,"120":2,"121":2,"123":2,"131":2,"132":1},"path":"/Users/sheldon/Desktop/metana-bootcamp/module-4 deliverables/Unit tests/contracts/ERC1155_token_contract.sol","s":{"1":21,"2":20,"3":15,"4":14,"5":14,"6":13,"7":4,"8":3,"9":2,"10":2,"11":2,"12":4,"13":3,"14":2,"15":2,"16":2,"17":4,"18":3,"19":2,"20":2,"21":2,"22":5,"23":4,"24":3,"25":2,"26":2,"27":2,"28":2,"29":2,"30":1},"b":{"1":[20,1],"2":[14,1],"3":[13,1],"4":[3,1],"5":[2,1],"6":[3,1],"7":[2,1],"8":[3,1],"9":[2,1],"10":[4,1],"11":[3,1],"12":[2,1],"13":[1,1]},"f":{"1":24,"2":21,"3":15,"4":14,"5":4,"6":4,"7":4,"8":5,"9":2},"fnMap":{"1":{"name":"constructor","line":12,"loc":{"start":{"line":10,"column":2},"end":{"line":13,"column":3}}},"2":{"name":"mintToken0","line":15,"loc":{"start":{"line":15,"column":2},"end":{"line":24,"column":2}}},"3":{"name":"mintToken1","line":26,"loc":{"start":{"line":26,"column":2},"end":{"line":35,"column":2}}},"4":{"name":"mintToken2","line":37,"loc":{"start":{"line":37,"column":2},"end":{"line":46,"column":2}}},"5":{"name":"mintToken3","line":48,"loc":{"start":{"line":48,"column":2},"end":{"line":65,"column":2}}},"6":{"name":"mintToken4","line":67,"loc":{"start":{"line":67,"column":2},"end":{"line":84,"column":2}}},"7":{"name":"mintToken5","line":86,"loc":{"start":{"line":86,"column":2},"end":{"line":102,"column":2}}},"8":{"name":"mintToken6","line":104,"loc":{"start":{"line":104,"column":2},"end":{"line":124,"column":2}}},"9":{"name":"tokenBalanceOf","line":126,"loc":{"start":{"line":126,"column":2},"end":{"line":133,"column":2}}}},"statementMap":{"1":{"start":{"line":17,"column":4},"end":{"line":17,"column":466}},"2":{"start":{"line":23,"column":4},"end":{"line":23,"column":30}},"3":{"start":{"line":28,"column":4},"end":{"line":28,"column":814}},"4":{"start":{"line":34,"column":4},"end":{"line":34,"column":30}},"5":{"start":{"line":39,"column":4},"end":{"line":39,"column":1162}},"6":{"start":{"line":45,"column":4},"end":{"line":45,"column":30}},"7":{"start":{"line":50,"column":4},"end":{"line":50,"column":1506}},"8":{"start":{"line":55,"column":4},"end":{"line":55,"column":1662}},"9":{"start":{"line":61,"column":4},"end":{"line":61,"column":26}},"10":{"start":{"line":62,"column":4},"end":{"line":62,"column":26}},"11":{"start":{"line":64,"column":4},"end":{"line":64,"column":30}},"12":{"start":{"line":69,"column":4},"end":{"line":69,"column":2040}},"13":{"start":{"line":74,"column":4},"end":{"line":74,"column":2196}},"14":{"start":{"line":80,"column":4},"end":{"line":80,"column":26}},"15":{"start":{"line":81,"column":4},"end":{"line":81,"column":26}},"16":{"start":{"line":83,"column":4},"end":{"line":83,"column":30}},"17":{"start":{"line":88,"column":4},"end":{"line":88,"column":2574}},"18":{"start":{"line":93,"column":4},"end":{"line":93,"column":2730}},"19":{"start":{"line":98,"column":4},"end":{"line":98,"column":26}},"20":{"start":{"line":99,"column":4},"end":{"line":99,"column":26}},"21":{"start":{"line":101,"column":4},"end":{"line":101,"column":30}},"22":{"start":{"line":106,"column":4},"end":{"line":106,"column":3058}},"23":{"start":{"line":110,"column":4},"end":{"line":110,"column":3160}},"24":{"start":{"line":114,"column":4},"end":{"line":114,"column":3262}},"25":{"start":{"line":119,"column":4},"end":{"line":119,"column":26}},"26":{"start":{"line":120,"column":4},"end":{"line":120,"column":26}},"27":{"start":{"line":121,"column":4},"end":{"line":121,"column":26}},"28":{"start":{"line":123,"column":4},"end":{"line":123,"column":30}},"29":{"start":{"line":131,"column":4},"end":{"line":131,"column":73}},"30":{"start":{"line":132,"column":4},"end":{"line":132,"column":33}}},"branchMap":{"1":{"line":17,"type":"if","locations":[{"start":{"line":17,"column":4},"end":{"line":17,"column":4}},{"start":{"line":17,"column":4},"end":{"line":17,"column":4}}]},"2":{"line":28,"type":"if","locations":[{"start":{"line":28,"column":4},"end":{"line":28,"column":4}},{"start":{"line":28,"column":4},"end":{"line":28,"column":4}}]},"3":{"line":39,"type":"if","locations":[{"start":{"line":39,"column":4},"end":{"line":39,"column":4}},{"start":{"line":39,"column":4},"end":{"line":39,"column":4}}]},"4":{"line":50,"type":"if","locations":[{"start":{"line":50,"column":4},"end":{"line":50,"column":4}},{"start":{"line":50,"column":4},"end":{"line":50,"column":4}}]},"5":{"line":55,"type":"if","locations":[{"start":{"line":55,"column":4},"end":{"line":55,"column":4}},{"start":{"line":55,"column":4},"end":{"line":55,"column":4}}]},"6":{"line":69,"type":"if","locations":[{"start":{"line":69,"column":4},"end":{"line":69,"column":4}},{"start":{"line":69,"column":4},"end":{"line":69,"column":4}}]},"7":{"line":74,"type":"if","locations":[{"start":{"line":74,"column":4},"end":{"line":74,"column":4}},{"start":{"line":74,"column":4},"end":{"line":74,"column":4}}]},"8":{"line":88,"type":"if","locations":[{"start":{"line":88,"column":4},"end":{"line":88,"column":4}},{"start":{"line":88,"column":4},"end":{"line":88,"column":4}}]},"9":{"line":93,"type":"if","locations":[{"start":{"line":93,"column":4},"end":{"line":93,"column":4}},{"start":{"line":93,"column":4},"end":{"line":93,"column":4}}]},"10":{"line":106,"type":"if","locations":[{"start":{"line":106,"column":4},"end":{"line":106,"column":4}},{"start":{"line":106,"column":4},"end":{"line":106,"column":4}}]},"11":{"line":110,"type":"if","locations":[{"start":{"line":110,"column":4},"end":{"line":110,"column":4}},{"start":{"line":110,"column":4},"end":{"line":110,"column":4}}]},"12":{"line":114,"type":"if","locations":[{"start":{"line":114,"column":4},"end":{"line":114,"column":4}},{"start":{"line":114,"column":4},"end":{"line":114,"column":4}}]},"13":{"line":131,"type":"if","locations":[{"start":{"line":131,"column":4},"end":{"line":131,"column":4}},{"start":{"line":131,"column":4},"end":{"line":131,"column":4}}]}}},"contracts/partialRefund.sol":{"l":{"20":11,"21":10,"27":7,"28":6,"34":4,"36":4,"37":3,"42":2,"43":2},"path":"/Users/sheldon/Desktop/metana-bootcamp/module-4 deliverables/Unit tests/contracts/partialRefund.sol","s":{"1":11,"2":7,"3":6,"4":4,"5":4,"6":3,"7":2,"8":2},"b":{"1":[10,1],"2":[6,1],"3":[3,1],"4":[2,1]},"f":{"1":11,"2":7,"3":4},"fnMap":{"1":{"name":"constructor","line":19,"loc":{"start":{"line":15,"column":2},"end":{"line":22,"column":2}}},"2":{"name":"mint","line":26,"loc":{"start":{"line":26,"column":2},"end":{"line":29,"column":2}}},"3":{"name":"sellBack","line":33,"loc":{"start":{"line":33,"column":2},"end":{"line":44,"column":2}}}},"statementMap":{"1":{"start":{"line":20,"column":4},"end":{"line":20,"column":69}},"2":{"start":{"line":27,"column":4},"end":{"line":27,"column":57}},"3":{"start":{"line":28,"column":4},"end":{"line":28,"column":27}},"4":{"start":{"line":34,"column":4},"end":{"line":34,"column":77}},"5":{"start":{"line":36,"column":4},"end":{"line":36,"column":69}},"6":{"start":{"line":37,"column":4},"end":{"line":37,"column":1214}},"7":{"start":{"line":42,"column":4},"end":{"line":42,"column":47}},"8":{"start":{"line":43,"column":4},"end":{"line":43,"column":44}}},"branchMap":{"1":{"line":20,"type":"if","locations":[{"start":{"line":20,"column":4},"end":{"line":20,"column":4}},{"start":{"line":20,"column":4},"end":{"line":20,"column":4}}]},"2":{"line":27,"type":"if","locations":[{"start":{"line":27,"column":4},"end":{"line":27,"column":4}},{"start":{"line":27,"column":4},"end":{"line":27,"column":4}}]},"3":{"line":36,"type":"if","locations":[{"start":{"line":36,"column":4},"end":{"line":36,"column":4}},{"start":{"line":36,"column":4},"end":{"line":36,"column":4}}]},"4":{"line":37,"type":"if","locations":[{"start":{"line":37,"column":4},"end":{"line":37,"column":4}},{"start":{"line":37,"column":4},"end":{"line":37,"column":4}}]}}}}